<?xml version="1.0" encoding="UTF-8"?>
<testsuite xmlns:xsi="http://www.w3.org/2001/XMLSchema-instance" xsi:noNamespaceSchemaLocation="https://maven.apache.org/surefire/maven-surefire-plugin/xsd/surefire-test-report.xsd" name="ProdutoTest" time="0.006" tests="25" errors="0" skipped="0" failures="0">
  <properties>
[...]
</properties>
  <testcase name="testUnidadeVazia[0]" classname="ProdutoTest" time="0"/>
  <testcase name="testDescricaoVazia[0]" classname="ProdutoTest" time="0"/>
  <testcase name="testCodigoItemVazio[0]" classname="ProdutoTest" time="0"/>
  <testcase name="testValorValorVendaZero[0]" classname="ProdutoTest" time="0"/>
  <testcase name="testCadastroProduto[0]" classname="ProdutoTest" time="0.001"/>
  <testcase name="testUnidadeVazia[1]" classname="ProdutoTest" time="0"/>
  <testcase name="testDescricaoVazia[1]" classname="ProdutoTest" time="0"/>
  <testcase name="testCodigoItemVazio[1]" classname="ProdutoTest" time="0"/>
  <testcase name="testValorValorVendaZero[1]" classname="ProdutoTest" time="0"/>
  <testcase name="testCadastroProduto[1]" classname="ProdutoTest" time="0"/>
  <testcase name="testUnidadeVazia[2]" classname="ProdutoTest" time="0"/>
  <testcase name="testDescricaoVazia[2]" classname="ProdutoTest" time="0"/>
  <testcase name="testCodigoItemVazio[2]" classname="ProdutoTest" time="0"/>
  <testcase name="testValorValorVendaZero[2]" classname="ProdutoTest" time="0"/>
  <testcase name="testCadastroProduto[2]" classname="ProdutoTest" time="0"/>
  <testcase name="testUnidadeVazia[3]" classname="ProdutoTest" time="0"/>
  <testcase name="testDescricaoVazia[3]" classname="ProdutoTest" time="0"/>
  <testcase name="testCodigoItemVazio[3]" classname="ProdutoTest" time="0"/>
  <testcase name="testValorValorVendaZero[3]" classname="ProdutoTest" time="0"/>
  <testcase name="testCadastroProduto[3]" classname="ProdutoTest" time="0"/>
  <testcase name="testUnidadeVazia[4]" classname="ProdutoTest" time="0"/>
  <testcase name="testDescricaoVazia[4]" classname="ProdutoTest" time="0"/>
  <testcase name="testCodigoItemVazio[4]" classname="ProdutoTest" time="0"/>
  <testcase name="testValorValorVendaZero[4]" classname="ProdutoTest" time="0"/>
  <testcase name="testCadastroProduto[4]" classname="ProdutoTest" time="0"/>
</testsuite>