<?xml version="1.0" encoding="UTF-8"?>
<testsuite xmlns:xsi="http://www.w3.org/2001/XMLSchema-instance" xsi:noNamespaceSchemaLocation="https://maven.apache.org/surefire/maven-surefire-plugin/xsd/surefire-test-report.xsd" name="SistemaCadastroTest" time="0.094" tests="9" errors="6" skipped="0" failures="0">
  <properties>
[...]
</properties>
  <testcase name="testCadastroCliente[0]" classname="SistemaCadastroTest" time="0.004"/>
  <testcase name="testCadastroVenda[0]" classname="SistemaCadastroTest" time="0.015">
    <error type="java.util.InputMismatchException">java.util.InputMismatchException
	at SistemaCadastroTest.testCadastroVenda(SistemaCadastroTest.java:119)
</error>
    <system-out><![CDATA[Digite o CPF ou CNPJ do cliente (números apenas):
Digite o nome do cliente:
Digite a sigla do estado do endereço:
A cidade é capital? (s/n)
O cliente é prime? (s/n)
Cliente cadastrado com sucesso!
Digite o codigo do produto: 
Adicione a descricao: 
Digite o valor de venda: 
]]></system-out>
  </testcase>
  <testcase name="testCadastroProduto[0]" classname="SistemaCadastroTest" time="0.008">
    <error type="java.util.InputMismatchException">java.util.InputMismatchException
	at SistemaCadastroTest.testCadastroProduto(SistemaCadastroTest.java:93)
</error>
    <system-out><![CDATA[Digite o codigo do produto: 
Adicione a descricao: 
Digite o valor de venda: 
]]></system-out>
  </testcase>
  <testcase name="testCadastroCliente[1]" classname="SistemaCadastroTest" time="0.001"/>
  <testcase name="testCadastroVenda[1]" classname="SistemaCadastroTest" time="0.007">
    <error type="java.util.InputMismatchException">java.util.InputMismatchException
	at SistemaCadastroTest.testCadastroVenda(SistemaCadastroTest.java:119)
</error>
    <system-out><![CDATA[Digite o CPF ou CNPJ do cliente (números apenas):
Digite o nome do cliente:
Digite a sigla do estado do endereço:
A cidade é capital? (s/n)
O cliente é prime? (s/n)
Cliente cadastrado com sucesso!
Digite o codigo do produto: 
Adicione a descricao: 
Digite o valor de venda: 
]]></system-out>
  </testcase>
  <testcase name="testCadastroProduto[1]" classname="SistemaCadastroTest" time="0.005">
    <error type="java.util.InputMismatchException">java.util.InputMismatchException
	at SistemaCadastroTest.testCadastroProduto(SistemaCadastroTest.java:93)
</error>
    <system-out><![CDATA[Digite o codigo do produto: 
Adicione a descricao: 
Digite o valor de venda: 
]]></system-out>
  </testcase>
  <testcase name="testCadastroCliente[2]" classname="SistemaCadastroTest" time="0.001"/>
  <testcase name="testCadastroVenda[2]" classname="SistemaCadastroTest" time="0.006">
    <error type="java.util.InputMismatchException">java.util.InputMismatchException
	at SistemaCadastroTest.testCadastroVenda(SistemaCadastroTest.java:119)
</error>
    <system-out><![CDATA[Digite o CPF ou CNPJ do cliente (números apenas):
Digite o nome do cliente:
Digite a sigla do estado do endereço:
A cidade é capital? (s/n)
O cliente é prime? (s/n)
Cliente cadastrado com sucesso!
Digite o codigo do produto: 
Adicione a descricao: 
Digite o valor de venda: 
]]></system-out>
  </testcase>
  <testcase name="testCadastroProduto[2]" classname="SistemaCadastroTest" time="0.006">
    <error type="java.util.InputMismatchException">java.util.InputMismatchException
	at SistemaCadastroTest.testCadastroProduto(SistemaCadastroTest.java:93)
</error>
    <system-out><![CDATA[Digite o codigo do produto: 
Adicione a descricao: 
Digite o valor de venda: 
]]></system-out>
  </testcase>
</testsuite>