<?xml version="1.0" encoding="UTF-8"?>
<testsuite xmlns:xsi="http://www.w3.org/2001/XMLSchema-instance" xsi:noNamespaceSchemaLocation="https://maven.apache.org/surefire/maven-surefire-plugin/xsd/surefire-test-report.xsd" name="RelatorioVendaTest" time="0.077" tests="4" errors="0" skipped="0" failures="3">
  <properties>
[...]
</properties>
  <testcase name="testVerificaTipoCliente[0: Test with vendas=[Venda@21bcffb5, Venda@380fb434, Venda@668bc3d5, Venda@3cda1055, Venda@7a5d012c], expectedVendasClientes={Cliente@6aaa5eb0=150.0, Cliente@1a407d53=100.0, Cliente@3498ed=90.0}, expectedTipoCliente={Cliente@6aaa5eb0=especial, Cliente@1a407d53=prime, Cliente@3498ed=especial}]" classname="RelatorioVendaTest" time="0.003"/>
  <testcase name="testCalculaVendasUltimoMes[0: Test with vendas=[Venda@21bcffb5, Venda@380fb434, Venda@668bc3d5, Venda@3cda1055, Venda@7a5d012c], expectedVendasClientes={Cliente@6aaa5eb0=150.0, Cliente@1a407d53=100.0, Cliente@3498ed=90.0}, expectedTipoCliente={Cliente@6aaa5eb0=especial, Cliente@1a407d53=prime, Cliente@3498ed=especial}]" classname="RelatorioVendaTest" time="0.008">
    <failure message="expected:&lt;150.0&gt; but was:&lt;359.6&gt;" type="java.lang.AssertionError"><![CDATA[java.lang.AssertionError: expected:<150.0> but was:<359.6>
	at RelatorioVendaTest.testCalculaVendasUltimoMes(RelatorioVendaTest.java:122)
]]></failure>
  </testcase>
  <testcase name="testVerificaTipoCliente[1: Test with vendas=[Venda@62043840, Venda@5315b42e, Venda@2ef9b8bc, Venda@5d624da6, Venda@1e67b872], expectedVendasClientes={Cliente@6aaa5eb0=70.0, Cliente@1a407d53=30.0, Cliente@3498ed=80.0}, expectedTipoCliente={Cliente@6aaa5eb0=padrao, Cliente@1a407d53=prime, Cliente@3498ed=padrao}]" classname="RelatorioVendaTest" time="0.002">
    <failure message="expected:&lt;[padrao]&gt; but was:&lt;[especial]&gt;" type="org.junit.ComparisonFailure"><![CDATA[org.junit.ComparisonFailure: expected:<[padrao]> but was:<[especial]>
	at RelatorioVendaTest.testVerificaTipoCliente(RelatorioVendaTest.java:134)
]]></failure>
  </testcase>
  <testcase name="testCalculaVendasUltimoMes[1: Test with vendas=[Venda@62043840, Venda@5315b42e, Venda@2ef9b8bc, Venda@5d624da6, Venda@1e67b872], expectedVendasClientes={Cliente@6aaa5eb0=70.0, Cliente@1a407d53=30.0, Cliente@3498ed=80.0}, expectedTipoCliente={Cliente@6aaa5eb0=padrao, Cliente@1a407d53=prime, Cliente@3498ed=padrao}]" classname="RelatorioVendaTest" time="0.002">
    <failure message="expected:&lt;70.0&gt; but was:&lt;50.2&gt;" type="java.lang.AssertionError"><![CDATA[java.lang.AssertionError: expected:<70.0> but was:<50.2>
	at RelatorioVendaTest.testCalculaVendasUltimoMes(RelatorioVendaTest.java:122)
]]></failure>
  </testcase>
</testsuite>