<?xml version="1.0" encoding="UTF-8"?>
<testsuite xmlns:xsi="http://www.w3.org/2001/XMLSchema-instance" xsi:noNamespaceSchemaLocation="https://maven.apache.org/surefire/maven-surefire-plugin/xsd/surefire-test-report.xsd" name="AllTests" time="0.104" tests="96" errors="0" skipped="0" failures="0">
  <properties>
[...]
</properties>
  <testcase name="testCadastroClientePadrao[0]" classname="ClientePadraoTest" time="0"/>
  <testcase name="testCadastroClientePadrao[1]" classname="ClientePadraoTest" time="0"/>
  <testcase name="testCadastroClienteEspecial[0]" classname="ClienteEspecialTest" time="0"/>
  <testcase name="testCadastroClienteEspecial[1]" classname="ClienteEspecialTest" time="0"/>
  <testcase name="testCadastroClientePrime[0]" classname="ClientePrimeTest" time="0"/>
  <testcase name="testCadastroClientePrime[1]" classname="ClientePrimeTest" time="0"/>
  <testcase name="testDefinirRegiao[0]" classname="EnderecoTest" time="0"/>
  <testcase name="testCadastroEndereco[0]" classname="EnderecoTest" time="0"/>
  <testcase name="testDefinirRegiao[1]" classname="EnderecoTest" time="0"/>
  <testcase name="testCadastroEndereco[1]" classname="EnderecoTest" time="0"/>
  <testcase name="testDefinirRegiao[2]" classname="EnderecoTest" time="0"/>
  <testcase name="testCadastroEndereco[2]" classname="EnderecoTest" time="0"/>
  <testcase name="testDefinirRegiao[3]" classname="EnderecoTest" time="0"/>
  <testcase name="testCadastroEndereco[3]" classname="EnderecoTest" time="0"/>
  <testcase name="testDefinirRegiao[4]" classname="EnderecoTest" time="0"/>
  <testcase name="testCadastroEndereco[4]" classname="EnderecoTest" time="0"/>
  <testcase name="testDefinirRegiao[5]" classname="EnderecoTest" time="0"/>
  <testcase name="testCadastroEndereco[5]" classname="EnderecoTest" time="0"/>
  <testcase name="testDefinirRegiao[6]" classname="EnderecoTest" time="0"/>
  <testcase name="testCadastroEndereco[6]" classname="EnderecoTest" time="0"/>
  <testcase name="testDefinirRegiao[7]" classname="EnderecoTest" time="0"/>
  <testcase name="testCadastroEndereco[7]" classname="EnderecoTest" time="0"/>
  <testcase name="testDefinirRegiao[8]" classname="EnderecoTest" time="0"/>
  <testcase name="testCadastroEndereco[8]" classname="EnderecoTest" time="0"/>
  <testcase name="testDefinirRegiao[9]" classname="EnderecoTest" time="0"/>
  <testcase name="testCadastroEndereco[9]" classname="EnderecoTest" time="0"/>
  <testcase name="testDefinirRegiao[10]" classname="EnderecoTest" time="0"/>
  <testcase name="testCadastroEndereco[10]" classname="EnderecoTest" time="0.001"/>
  <testcase name="testProdutoCreation[0]" classname="ProdutoTest" time="0"/>
  <testcase name="testProdutoCreation[1]" classname="ProdutoTest" time="0"/>
  <testcase name="testProdutoCreation[2]" classname="ProdutoTest" time="0"/>
  <testcase name="testProdutoCreation[3]" classname="ProdutoTest" time="0.001"/>
  <testcase name="testProdutoCreation[4]" classname="ProdutoTest" time="0"/>
  <testcase name="testProdutoCreation[5]" classname="ProdutoTest" time="0"/>
  <testcase name="testItemVenda[0]" classname="ItemVendaTest" time="0"/>
  <testcase name="testItemVenda[1]" classname="ItemVendaTest" time="0"/>
  <testcase name="testItemVenda[2]" classname="ItemVendaTest" time="0"/>
  <testcase name="testItemVenda[3]" classname="ItemVendaTest" time="0"/>
  <testcase name="testItemVenda[4]" classname="ItemVendaTest" time="0.001"/>
  <testcase name="testAddItem[0]" classname="VendaTest" time="0"/>
  <testcase name="testCalculaImposto[0]" classname="VendaTest" time="0"/>
  <testcase name="testCalculaTotalNota[0]" classname="VendaTest" time="0"/>
  <testcase name="testCalculaTotalPedido[0]" classname="VendaTest" time="0"/>
  <testcase name="testCadastroVenda[0]" classname="VendaTest" time="0"/>
  <testcase name="testCalculaFrete[0]" classname="VendaTest" time="0"/>
  <testcase name="testAddItem[1]" classname="VendaTest" time="0"/>
  <testcase name="testCalculaImposto[1]" classname="VendaTest" time="0"/>
  <testcase name="testCalculaTotalNota[1]" classname="VendaTest" time="0.001"/>
  <testcase name="testCalculaTotalPedido[1]" classname="VendaTest" time="0"/>
  <testcase name="testCadastroVenda[1]" classname="VendaTest" time="0"/>
  <testcase name="testCalculaFrete[1]" classname="VendaTest" time="0"/>
  <testcase name="testAddItem[2]" classname="VendaTest" time="0"/>
  <testcase name="testCalculaImposto[2]" classname="VendaTest" time="0"/>
  <testcase name="testCalculaTotalNota[2]" classname="VendaTest" time="0"/>
  <testcase name="testCalculaTotalPedido[2]" classname="VendaTest" time="0"/>
  <testcase name="testCadastroVenda[2]" classname="VendaTest" time="0"/>
  <testcase name="testCalculaFrete[2]" classname="VendaTest" time="0"/>
  <testcase name="testAddItem[3]" classname="VendaTest" time="0"/>
  <testcase name="testCalculaImposto[3]" classname="VendaTest" time="0"/>
  <testcase name="testCalculaTotalNota[3]" classname="VendaTest" time="0"/>
  <testcase name="testCalculaTotalPedido[3]" classname="VendaTest" time="0.001"/>
  <testcase name="testCadastroVenda[3]" classname="VendaTest" time="0"/>
  <testcase name="testCalculaFrete[3]" classname="VendaTest" time="0"/>
  <testcase name="testAddItem[4]" classname="VendaTest" time="0"/>
  <testcase name="testCalculaImposto[4]" classname="VendaTest" time="0"/>
  <testcase name="testCalculaTotalNota[4]" classname="VendaTest" time="0"/>
  <testcase name="testCalculaTotalPedido[4]" classname="VendaTest" time="0"/>
  <testcase name="testCadastroVenda[4]" classname="VendaTest" time="0"/>
  <testcase name="testCalculaFrete[4]" classname="VendaTest" time="0"/>
  <testcase name="testAddItem[5]" classname="VendaTest" time="0"/>
  <testcase name="testCalculaImposto[5]" classname="VendaTest" time="0"/>
  <testcase name="testCalculaTotalNota[5]" classname="VendaTest" time="0"/>
  <testcase name="testCalculaTotalPedido[5]" classname="VendaTest" time="0"/>
  <testcase name="testCadastroVenda[5]" classname="VendaTest" time="0"/>
  <testcase name="testCalculaFrete[5]" classname="VendaTest" time="0"/>
  <testcase name="testAddItem[6]" classname="VendaTest" time="0"/>
  <testcase name="testCalculaImposto[6]" classname="VendaTest" time="0"/>
  <testcase name="testCalculaTotalNota[6]" classname="VendaTest" time="0"/>
  <testcase name="testCalculaTotalPedido[6]" classname="VendaTest" time="0"/>
  <testcase name="testCadastroVenda[6]" classname="VendaTest" time="0"/>
  <testcase name="testCalculaFrete[6]" classname="VendaTest" time="0"/>
  <testcase name="testVendaUltimoMes[0]" classname="RelatorioVendaTest" time="0.024"/>
  <testcase name="testCalculaVendasUltimoMes[0]" classname="RelatorioVendaTest" time="0.001"/>
  <testcase name="testAtualizaVendasCliente[0]" classname="RelatorioVendaTest" time="0.001"/>
  <testcase name="testDataUltimoMes[0]" classname="RelatorioVendaTest" time="0.001"/>
  <testcase name="testVerificaClienteEspecial[0]" classname="RelatorioVendaTest" time="0.001"/>
  <testcase name="testVendaUltimoMes[1]" classname="RelatorioVendaTest" time="0.002"/>
  <testcase name="testCalculaVendasUltimoMes[1]" classname="RelatorioVendaTest" time="0.002"/>
  <testcase name="testAtualizaVendasCliente[1]" classname="RelatorioVendaTest" time="0.001"/>
  <testcase name="testDataUltimoMes[1]" classname="RelatorioVendaTest" time="0.002"/>
  <testcase name="testVerificaClienteEspecial[1]" classname="RelatorioVendaTest" time="0.001"/>
  <testcase name="testVendaUltimoMes[2]" classname="RelatorioVendaTest" time="0.001"/>
  <testcase name="testCalculaVendasUltimoMes[2]" classname="RelatorioVendaTest" time="0"/>
  <testcase name="testAtualizaVendasCliente[2]" classname="RelatorioVendaTest" time="0.001"/>
  <testcase name="testDataUltimoMes[2]" classname="RelatorioVendaTest" time="0.001"/>
  <testcase name="testVerificaClienteEspecial[2]" classname="RelatorioVendaTest" time="0"/>
</testsuite>