<?xml version="1.0" encoding="UTF-8"?>
<testsuite xmlns:xsi="http://www.w3.org/2001/XMLSchema-instance" xsi:noNamespaceSchemaLocation="https://maven.apache.org/surefire/maven-surefire-plugin/xsd/surefire-test-report.xsd" name="SistemaCadastroTest" time="0.036" tests="3" errors="0" skipped="0" failures="0">
  <properties>
[...]
</properties>
  <testcase name="testCadastroCliente[0]" classname="SistemaCadastroTest" time="0.002"/>
  <testcase name="testCadastroCliente[1]" classname="SistemaCadastroTest" time="0.001"/>
  <testcase name="testCadastroCliente[2]" classname="SistemaCadastroTest" time="0"/>
</testsuite>